module/iOSLauncher/build/intermediates/manifest_merge_blame_file/debug/manifest-merger-blame-debug-report.txt
1<?xml version="1.0" encoding="utf-8"?>
2<!--
3/*
4**
5** Copyright 2008, The Android Open Source Project
6**
7** Licensed under the Apache License, Version 2.0 (the "License");
8** you may not use this file except in compliance with the License.
9** You may obtain a copy of the License at
10**
11**     http://www.apache.org/licenses/LICENSE-2.0
12**
13** Unless required by applicable law or agreed to in writing, software
14** distributed under the License is distributed on an "AS IS" BASIS,
15** WITHOUT WARRANTIES OR CONDITIONS OF ANY KIND, either express or implied.
16** See the License for the specific language governing permissions and
17** limitations under the License.
18*/
19-->
20<manifest xmlns:android="http://schemas.android.com/apk/res/android"
21    xmlns:tools="http://schemas.android.com/tools"
22    package="com.amz.ios.launcher" >
23
24    <uses-sdk
25        android:minSdkVersion="26"
25-->module\iOSLauncher\AndroidManifest.xml
26        android:targetSdkVersion="34" />
26-->module\iOSLauncher\AndroidManifest.xml
27
28    <!-- <uses-sdk -->
29    <!-- android:minSdkVersion="21" -->
30    <!-- android:targetSdkVersion="28" /> -->
31    <!-- <uses-feature -->
32    <!-- android:name="android.software.device_admin" -->
33    <!-- android:required="true" /> -->
34
35    <permission
35-->module\iOSLauncher\AndroidManifest.xml:29:5-31:47
36        android:name="com.amz.ios.launcher.permission.RECEIVE_LAUNCH_BROADCASTS"
36-->module\iOSLauncher\AndroidManifest.xml:30:9-81
37        android:protectionLevel="signature" />
37-->module\iOSLauncher\AndroidManifest.xml:31:9-44
38    <permission
38-->module\iOSLauncher\AndroidManifest.xml:32:5-34:55
39        android:name="com.amz.ios.launcher.permission.RECEIVE_FIRST_LOAD_BROADCAST"
39-->module\iOSLauncher\AndroidManifest.xml:33:9-84
40        android:protectionLevel="signatureOrSystem" />
40-->module\iOSLauncher\AndroidManifest.xml:34:9-52
41
42    <!-- <uses-permission android:name="com.android.alarm.permission.SET_ALARM" /> -->
43    <!-- <uses-permission android:name="android.permission.SYSTEM_ALERT_WINDOW" /> -->
44    <!-- <uses-permission android:name="android.permission.FLASHLIGHT" /> -->
45    <!-- <uses-permission android:name="android.permission.READ_SYNC_SETTINGS" /> -->
46    <!-- <uses-permission android:name="android.permission.WRITE_SYNC_SETTINGS" /> -->
47    <!-- <uses-permission android:name="android.permission.BLUETOOTH_CONNECT" /> -->
48    <uses-permission android:name="android.permission.SET_WALLPAPER" />
48-->module\iOSLauncher\AndroidManifest.xml:42:5-72
48-->module\iOSLauncher\AndroidManifest.xml:42:22-69
49    <uses-permission android:name="android.permission.SET_WALLPAPER_HINTS" />
49-->module\iOSLauncher\AndroidManifest.xml:43:5-78
49-->module\iOSLauncher\AndroidManifest.xml:43:22-75
50    <!-- <uses-permission android:name="android.permission.VIBRATE" /> -->
51    <uses-permission android:name="android.permission.READ_EXTERNAL_STORAGE" />
51-->module\iOSLauncher\AndroidManifest.xml:45:5-80
51-->module\iOSLauncher\AndroidManifest.xml:45:22-77
52    <uses-permission android:name="android.permission.READ_MEDIA_IMAGES" />
52-->module\iOSLauncher\AndroidManifest.xml:46:5-76
52-->module\iOSLauncher\AndroidManifest.xml:46:22-73
53    <uses-permission android:name="android.permission.WRITE_EXTERNAL_STORAGE" />
53-->module\iOSLauncher\AndroidManifest.xml:47:5-81
53-->module\iOSLauncher\AndroidManifest.xml:47:22-78
54    <uses-permission android:name="android.permission.FOREGROUND_SERVICE" />
54-->module\iOSLauncher\AndroidManifest.xml:48:5-77
54-->module\iOSLauncher\AndroidManifest.xml:48:22-74
55    <!-- <uses-permission android:name="android.permission.RECORD_AUDIO" /> -->
56    <uses-permission android:name="android.permission.BROADCAST_STICKY" />
56-->module\iOSLauncher\AndroidManifest.xml:50:5-75
56-->module\iOSLauncher\AndroidManifest.xml:50:22-72
57    <uses-permission android:name="android.permission.RECEIVE_BOOT_COMPLETED" />
57-->module\iOSLauncher\AndroidManifest.xml:51:5-81
57-->module\iOSLauncher\AndroidManifest.xml:51:22-78
58    <uses-permission android:name="com.amz.ios.launcher.permission.RECEIVE_LAUNCH_BROADCASTS" />
58-->module\iOSLauncher\AndroidManifest.xml:52:5-97
58-->module\iOSLauncher\AndroidManifest.xml:52:22-94
59    <uses-permission android:name="com.amz.ios.launcher.permission.RECEIVE_FIRST_LOAD_BROADCAST" />
59-->module\iOSLauncher\AndroidManifest.xml:53:5-100
59-->module\iOSLauncher\AndroidManifest.xml:53:22-97
60    <!-- <uses-permission android:name="android.permission.READ_CALL_LOG" /> -->
61    <!-- <uses-permission android:name="android.permission.CAMERA" /> -->
62    <!-- <uses-permission android:name="android.permission.READ_PHONE_STATE" /> -->
63    <uses-permission android:name="android.permission.INTERNET" />
63-->module\iOSLauncher\AndroidManifest.xml:57:5-67
63-->module\iOSLauncher\AndroidManifest.xml:57:22-64
64    <!-- <uses-permission android:name="android.permission.DISABLE_STATUS_BAR" /> -->
65    <!-- <uses-permission android:name="android.permission.EXPAND_STATUS_BAR" /> -->
66    <uses-permission
66-->module\iOSLauncher\AndroidManifest.xml:60:5-62:47
67        android:name="android.permission.STATUS_BAR"
67-->module\iOSLauncher\AndroidManifest.xml:61:9-53
68        tools:ignore="ProtectedPermissions" />
68-->module\iOSLauncher\AndroidManifest.xml:62:9-44
69    <uses-permission android:name="android.permission.GET_PACKAGE_SIZE" />
69-->module\iOSLauncher\AndroidManifest.xml:63:5-75
69-->module\iOSLauncher\AndroidManifest.xml:63:22-72
70    <uses-permission
70-->module\iOSLauncher\AndroidManifest.xml:64:5-66:53
71        android:name="android.permission.QUERY_ALL_PACKAGES"
71-->module\iOSLauncher\AndroidManifest.xml:65:9-61
72        tools:ignore="QueryAllPackagesPermission" />
72-->module\iOSLauncher\AndroidManifest.xml:66:9-50
73    <uses-permission
73-->module\iOSLauncher\AndroidManifest.xml:67:5-69:47
74        android:name="android.permission.BIND_NOTIFICATION_LISTENER_SERVICE"
74-->module\iOSLauncher\AndroidManifest.xml:68:9-77
75        tools:ignore="ProtectedPermissions" />
75-->module\iOSLauncher\AndroidManifest.xml:69:9-44
76    <!-- <uses-permission android:name="android.permission.READ_APP_BADGE" /> -->
77    <!-- <uses-permission android:name="android.permission.CALL_PHONE" /> -->
78    <uses-permission android:name="android.permission.KILL_BACKGROUND_PROCESSES" />
78-->module\iOSLauncher\AndroidManifest.xml:72:5-84
78-->module\iOSLauncher\AndroidManifest.xml:72:22-81
79    <!-- <uses-permission android:name="android.permission.REQUEST_DELETE_PACKAGES" /> -->
80    <uses-permission android:name="android.permission.ACTION_MANAGE_OVERLAY_PERMISSION" />
80-->module\iOSLauncher\AndroidManifest.xml:74:5-91
80-->module\iOSLauncher\AndroidManifest.xml:74:22-88
81    <!-- <uses-permission android:name="android.permission.WAKE_LOCK" /> -->
82    <uses-permission android:name="android.permission.ACCESS_NOTIFICATION_POLICY" />
82-->module\iOSLauncher\AndroidManifest.xml:76:5-85
82-->module\iOSLauncher\AndroidManifest.xml:76:22-82
83    <uses-permission
83-->module\iOSLauncher\AndroidManifest.xml:77:5-79:47
84        android:name="android.permission.UPDATE_DEVICE_STATS"
84-->module\iOSLauncher\AndroidManifest.xml:78:9-62
85        tools:ignore="ProtectedPermissions" />
85-->module\iOSLauncher\AndroidManifest.xml:79:9-44
86    <uses-permission
86-->module\iOSLauncher\AndroidManifest.xml:80:5-82:47
87        android:name="android.permission.REBOOT"
87-->module\iOSLauncher\AndroidManifest.xml:81:9-49
88        tools:ignore="ProtectedPermissions" />
88-->module\iOSLauncher\AndroidManifest.xml:82:9-44
89    <!-- <uses-permission android:name="android.permission.READ_CALENDAR" /> -->
90    <!-- <uses-permission android:name="android.permission.READ_CONTACTS" /> -->
91    <application
91-->module\iOSLauncher\AndroidManifest.xml:87:5-547:19
92        android:name="com.amz.ios.IOSLauncher"
92-->module\iOSLauncher\AndroidManifest.xml:88:9-47
93        android:hardwareAccelerated="true"
93-->module\iOSLauncher\AndroidManifest.xml:89:9-43
94        android:label="@string/launcher_application_name"
94-->module\iOSLauncher\AndroidManifest.xml:90:9-58
95        android:screenOrientation="portrait" >
95-->module\iOSLauncher\AndroidManifest.xml:91:9-45
96        <activity
96-->module\iOSLauncher\AndroidManifest.xml:93:9-116:20
97            android:name="com.amz.ios.launcher.searchlauncher.SearchLauncher"
97-->module\iOSLauncher\AndroidManifest.xml:94:13-78
98            android:clearTaskOnLaunch="true"
98-->module\iOSLauncher\AndroidManifest.xml:95:13-45
99            android:configChanges="fontScale|colorMode|layoutDirection|density|smallestScreenSize|screenSize|uiMode|screenLayout|orientation|navigation|keyboardHidden|keyboard|touchscreen|locale|mnc|mcc"
99-->module\iOSLauncher\AndroidManifest.xml:96:13-204
100            android:enabled="true"
100-->module\iOSLauncher\AndroidManifest.xml:97:13-35
101            android:excludeFromRecents="true"
101-->module\iOSLauncher\AndroidManifest.xml:98:13-46
102            android:exported="true"
102-->module\iOSLauncher\AndroidManifest.xml:99:13-36
103            android:launchMode="singleTask"
103-->module\iOSLauncher\AndroidManifest.xml:100:13-44
104            android:resizeableActivity="true"
104-->module\iOSLauncher\AndroidManifest.xml:101:13-46
105            android:resumeWhilePausing="true"
105-->module\iOSLauncher\AndroidManifest.xml:102:13-46
106            android:screenOrientation="portrait"
106-->module\iOSLauncher\AndroidManifest.xml:103:13-49
107            android:stateNotNeeded="true"
107-->module\iOSLauncher\AndroidManifest.xml:104:13-42
108            android:taskAffinity="com.amz.ios.launcher.Launcher"
108-->module\iOSLauncher\AndroidManifest.xml:105:13-65
109            android:theme="@style/LauncherTheme"
109-->module\iOSLauncher\AndroidManifest.xml:106:13-49
110            android:windowSoftInputMode="adjustPan" >
110-->module\iOSLauncher\AndroidManifest.xml:107:13-52
111            <intent-filter>
111-->module\iOSLauncher\AndroidManifest.xml:108:13-115:29
112                <action android:name="android.intent.action.MAIN" />
112-->module\iOSLauncher\AndroidManifest.xml:109:17-69
112-->module\iOSLauncher\AndroidManifest.xml:109:25-66
113
114                <category android:name="android.intent.category.HOME" />
114-->module\iOSLauncher\AndroidManifest.xml:110:17-73
114-->module\iOSLauncher\AndroidManifest.xml:110:27-70
115                <category android:name="android.intent.category.DEFAULT" />
115-->module\iOSLauncher\AndroidManifest.xml:111:17-76
115-->module\iOSLauncher\AndroidManifest.xml:111:27-73
116                <category android:name="android.intent.category.MONKEY" />
116-->module\iOSLauncher\AndroidManifest.xml:112:17-75
116-->module\iOSLauncher\AndroidManifest.xml:112:27-72
117                <category android:name="android.intent.category.LAUNCHER_APP" />
117-->module\iOSLauncher\AndroidManifest.xml:113:17-81
117-->module\iOSLauncher\AndroidManifest.xml:113:27-78
118                <!-- <category android:name="android.intent.category.LAUNCHER" /> -->
119            </intent-filter>
120        </activity>
121        <activity
121-->module\iOSLauncher\AndroidManifest.xml:118:9-131:20
122            android:name="com.amz.ios.launcher.DynamicVirtualEntryActivity"
122-->module\iOSLauncher\AndroidManifest.xml:119:13-76
123            android:excludeFromRecents="true"
123-->module\iOSLauncher\AndroidManifest.xml:120:13-46
124            android:exported="true"
124-->module\iOSLauncher\AndroidManifest.xml:121:13-36
125            android:label="@string/launcher_application_name"
125-->module\iOSLauncher\AndroidManifest.xml:122:13-62
126            android:screenOrientation="portrait"
126-->module\iOSLauncher\AndroidManifest.xml:123:13-49
127            android:theme="@android:style/Theme.Translucent.NoTitleBar" >
127-->module\iOSLauncher\AndroidManifest.xml:124:13-72
128            <intent-filter>
128-->module\iOSLauncher\AndroidManifest.xml:126:13-130:29
129
130                <!-- App Lock Use -->
131                <category android:name="android.intent.category.DEFAULT" />
131-->module\iOSLauncher\AndroidManifest.xml:111:17-76
131-->module\iOSLauncher\AndroidManifest.xml:111:27-73
132
133                <action android:name="ioslite.intent.action.IOSLITE" />
133-->module\iOSLauncher\AndroidManifest.xml:129:17-72
133-->module\iOSLauncher\AndroidManifest.xml:129:25-69
134            </intent-filter>
135        </activity>
136        <activity
136-->module\iOSLauncher\AndroidManifest.xml:133:9-149:20
137            android:name="com.amz.ios.launcher.config.LauncherSettingActivity"
137-->module\iOSLauncher\AndroidManifest.xml:134:13-59
138            android:autoRemoveFromRecents="true"
138-->module\iOSLauncher\AndroidManifest.xml:135:13-49
139            android:exported="true"
139-->module\iOSLauncher\AndroidManifest.xml:136:13-36
140            android:icon="@drawable/ic_setting"
140-->module\iOSLauncher\AndroidManifest.xml:137:13-48
141            android:label="@string/settings_label"
141-->module\iOSLauncher\AndroidManifest.xml:138:13-51
142            android:resizeableActivity="false"
142-->module\iOSLauncher\AndroidManifest.xml:139:13-47
143            android:screenOrientation="portrait"
143-->module\iOSLauncher\AndroidManifest.xml:140:13-49
144            android:taskAffinity="com.amz.ios.launcher.Launcher"
144-->module\iOSLauncher\AndroidManifest.xml:141:13-65
145            android:theme="@style/PrefSettings" >
145-->module\iOSLauncher\AndroidManifest.xml:142:13-48
146            <intent-filter>
146-->module\iOSLauncher\AndroidManifest.xml:143:13-148:29
147
148                <!-- App Lock Use -->
149                <!-- <action android:name="android.intent.action.MAIN" /> -->
150                <category android:name="android.intent.category.LAUNCHER" />
150-->module\iOSLauncher\AndroidManifest.xml:146:17-77
150-->module\iOSLauncher\AndroidManifest.xml:146:27-74
151                <category android:name="android.intent.category.HOME" />
151-->module\iOSLauncher\AndroidManifest.xml:110:17-73
151-->module\iOSLauncher\AndroidManifest.xml:110:27-70
152            </intent-filter>
153        </activity>
154        <activity
154-->module\iOSLauncher\AndroidManifest.xml:151:9-159:51
155            android:name="com.amz.ios.launcher.config.AppearanceActivity"
155-->module\iOSLauncher\AndroidManifest.xml:152:13-54
156            android:autoRemoveFromRecents="true"
156-->module\iOSLauncher\AndroidManifest.xml:153:13-49
157            android:exported="true"
157-->module\iOSLauncher\AndroidManifest.xml:154:13-36
158            android:label="@string/settings_label"
158-->module\iOSLauncher\AndroidManifest.xml:155:13-51
159            android:resizeableActivity="false"
159-->module\iOSLauncher\AndroidManifest.xml:156:13-47
160            android:screenOrientation="portrait"
160-->module\iOSLauncher\AndroidManifest.xml:157:13-49
161            android:taskAffinity="com.amz.ios.launcher.Launcher"
161-->module\iOSLauncher\AndroidManifest.xml:158:13-65
162            android:theme="@style/PrefSettings" />
162-->module\iOSLauncher\AndroidManifest.xml:159:13-48
163        <activity
163-->module\iOSLauncher\AndroidManifest.xml:161:9-169:51
164            android:name="com.amz.ios.launcher.config.DesktopStyleActivity"
164-->module\iOSLauncher\AndroidManifest.xml:162:13-56
165            android:autoRemoveFromRecents="true"
165-->module\iOSLauncher\AndroidManifest.xml:163:13-49
166            android:exported="true"
166-->module\iOSLauncher\AndroidManifest.xml:164:13-36
167            android:label="@string/settings_label"
167-->module\iOSLauncher\AndroidManifest.xml:165:13-51
168            android:resizeableActivity="false"
168-->module\iOSLauncher\AndroidManifest.xml:166:13-47
169            android:screenOrientation="portrait"
169-->module\iOSLauncher\AndroidManifest.xml:167:13-49
170            android:taskAffinity="com.amz.ios.launcher.Launcher"
170-->module\iOSLauncher\AndroidManifest.xml:168:13-65
171            android:theme="@style/PrefSettings" />
171-->module\iOSLauncher\AndroidManifest.xml:169:13-48
172        <activity
172-->module\iOSLauncher\AndroidManifest.xml:171:9-179:51
173            android:name="com.amz.ios.launcher.config.DrawerStyleActivity"
173-->module\iOSLauncher\AndroidManifest.xml:172:13-55
174            android:autoRemoveFromRecents="true"
174-->module\iOSLauncher\AndroidManifest.xml:173:13-49
175            android:exported="true"
175-->module\iOSLauncher\AndroidManifest.xml:174:13-36
176            android:label="@string/settings_label"
176-->module\iOSLauncher\AndroidManifest.xml:175:13-51
177            android:resizeableActivity="false"
177-->module\iOSLauncher\AndroidManifest.xml:176:13-47
178            android:screenOrientation="portrait"
178-->module\iOSLauncher\AndroidManifest.xml:177:13-49
179            android:taskAffinity="com.amz.ios.launcher.Launcher"
179-->module\iOSLauncher\AndroidManifest.xml:178:13-65
180            android:theme="@style/PrefSettings" />
180-->module\iOSLauncher\AndroidManifest.xml:179:13-48
181        <activity
181-->module\iOSLauncher\AndroidManifest.xml:181:9-194:20
182            android:name="com.amz.ios.launcher.config.FeatureSettingActivity"
182-->module\iOSLauncher\AndroidManifest.xml:182:13-58
183            android:autoRemoveFromRecents="true"
183-->module\iOSLauncher\AndroidManifest.xml:183:13-49
184            android:exported="true"
184-->module\iOSLauncher\AndroidManifest.xml:184:13-36
185            android:label="@string/settings_label"
185-->module\iOSLauncher\AndroidManifest.xml:185:13-51
186            android:resizeableActivity="false"
186-->module\iOSLauncher\AndroidManifest.xml:186:13-47
187            android:screenOrientation="portrait"
187-->module\iOSLauncher\AndroidManifest.xml:187:13-49
188            android:taskAffinity="com.amz.ios.launcher.Launcher"
188-->module\iOSLauncher\AndroidManifest.xml:188:13-65
189            android:theme="@style/PrefSettings" >
189-->module\iOSLauncher\AndroidManifest.xml:189:13-48
190            <intent-filter>
190-->module\iOSLauncher\AndroidManifest.xml:190:13-193:29
191                <action android:name="ioslite.intent.action.OPEN_FEATURE_SETTING" />
191-->module\iOSLauncher\AndroidManifest.xml:191:17-85
191-->module\iOSLauncher\AndroidManifest.xml:191:25-82
192
193                <category android:name="android.intent.category.DEFAULT" />
193-->module\iOSLauncher\AndroidManifest.xml:111:17-76
193-->module\iOSLauncher\AndroidManifest.xml:111:27-73
194            </intent-filter>
195        </activity>
196        <activity
196-->module\iOSLauncher\AndroidManifest.xml:196:9-204:51
197            android:name="com.amz.ios.launcher.config.GestureSettingActivity"
197-->module\iOSLauncher\AndroidManifest.xml:197:13-58
198            android:autoRemoveFromRecents="true"
198-->module\iOSLauncher\AndroidManifest.xml:198:13-49
199            android:exported="true"
199-->module\iOSLauncher\AndroidManifest.xml:199:13-36
200            android:label="@string/settings_label"
200-->module\iOSLauncher\AndroidManifest.xml:200:13-51
201            android:resizeableActivity="false"
201-->module\iOSLauncher\AndroidManifest.xml:201:13-47
202            android:screenOrientation="portrait"
202-->module\iOSLauncher\AndroidManifest.xml:202:13-49
203            android:taskAffinity="com.amz.ios.launcher.Launcher"
203-->module\iOSLauncher\AndroidManifest.xml:203:13-65
204            android:theme="@style/PrefSettings" />
204-->module\iOSLauncher\AndroidManifest.xml:204:13-48
205        <activity
205-->module\iOSLauncher\AndroidManifest.xml:206:9-214:51
206            android:name="com.amz.ios.launcher.config.GesturePickerActivity"
206-->module\iOSLauncher\AndroidManifest.xml:207:13-57
207            android:autoRemoveFromRecents="true"
207-->module\iOSLauncher\AndroidManifest.xml:208:13-49
208            android:exported="true"
208-->module\iOSLauncher\AndroidManifest.xml:209:13-36
209            android:label="@string/settings_label"
209-->module\iOSLauncher\AndroidManifest.xml:210:13-51
210            android:resizeableActivity="false"
210-->module\iOSLauncher\AndroidManifest.xml:211:13-47
211            android:screenOrientation="portrait"
211-->module\iOSLauncher\AndroidManifest.xml:212:13-49
212            android:taskAffinity="com.amz.ios.launcher.Launcher"
212-->module\iOSLauncher\AndroidManifest.xml:213:13-65
213            android:theme="@style/PrefSettings" />
213-->module\iOSLauncher\AndroidManifest.xml:214:13-48
214        <activity
214-->module\iOSLauncher\AndroidManifest.xml:216:9-224:51
215            android:name="com.amz.ios.launcher.config.NotificationMgrActivity"
215-->module\iOSLauncher\AndroidManifest.xml:217:13-59
216            android:autoRemoveFromRecents="true"
216-->module\iOSLauncher\AndroidManifest.xml:218:13-49
217            android:exported="true"
217-->module\iOSLauncher\AndroidManifest.xml:219:13-36
218            android:label="@string/settings_label"
218-->module\iOSLauncher\AndroidManifest.xml:220:13-51
219            android:resizeableActivity="false"
219-->module\iOSLauncher\AndroidManifest.xml:221:13-47
220            android:screenOrientation="portrait"
220-->module\iOSLauncher\AndroidManifest.xml:222:13-49
221            android:taskAffinity="com.amz.ios.launcher.Launcher"
221-->module\iOSLauncher\AndroidManifest.xml:223:13-65
222            android:theme="@style/PrefSettings" />
222-->module\iOSLauncher\AndroidManifest.xml:224:13-48
223        <activity
223-->module\iOSLauncher\AndroidManifest.xml:226:9-234:51
224            android:name="com.amz.ios.launcher.config.BackupActivity"
224-->module\iOSLauncher\AndroidManifest.xml:227:13-50
225            android:autoRemoveFromRecents="true"
225-->module\iOSLauncher\AndroidManifest.xml:228:13-49
226            android:exported="true"
226-->module\iOSLauncher\AndroidManifest.xml:229:13-36
227            android:label="@string/settings_label"
227-->module\iOSLauncher\AndroidManifest.xml:230:13-51
228            android:resizeableActivity="false"
228-->module\iOSLauncher\AndroidManifest.xml:231:13-47
229            android:screenOrientation="portrait"
229-->module\iOSLauncher\AndroidManifest.xml:232:13-49
230            android:taskAffinity="com.amz.ios.launcher.Launcher"
230-->module\iOSLauncher\AndroidManifest.xml:233:13-65
231            android:theme="@style/PrefSettings" />
231-->module\iOSLauncher\AndroidManifest.xml:234:13-48
232        <activity
232-->module\iOSLauncher\AndroidManifest.xml:236:9-244:51
233            android:name="com.amz.ios.launcher.config.EffectSettingsActivity"
233-->module\iOSLauncher\AndroidManifest.xml:237:13-58
234            android:autoRemoveFromRecents="true"
234-->module\iOSLauncher\AndroidManifest.xml:238:13-49
235            android:exported="true"
235-->module\iOSLauncher\AndroidManifest.xml:239:13-36
236            android:label="@string/settings_label"
236-->module\iOSLauncher\AndroidManifest.xml:240:13-51
237            android:resizeableActivity="false"
237-->module\iOSLauncher\AndroidManifest.xml:241:13-47
238            android:screenOrientation="portrait"
238-->module\iOSLauncher\AndroidManifest.xml:242:13-49
239            android:taskAffinity="com.amz.ios.launcher.Launcher"
239-->module\iOSLauncher\AndroidManifest.xml:243:13-65
240            android:theme="@style/PrefSettings" />
240-->module\iOSLauncher\AndroidManifest.xml:244:13-48
241        <activity
241-->module\iOSLauncher\AndroidManifest.xml:246:9-253:51
242            android:name="com.amz.ios.launcher.config.AboutActivity"
242-->module\iOSLauncher\AndroidManifest.xml:247:13-49
243            android:autoRemoveFromRecents="true"
243-->module\iOSLauncher\AndroidManifest.xml:248:13-49
244            android:exported="true"
244-->module\iOSLauncher\AndroidManifest.xml:249:13-36
245            android:resizeableActivity="false"
245-->module\iOSLauncher\AndroidManifest.xml:250:13-47
246            android:screenOrientation="portrait"
246-->module\iOSLauncher\AndroidManifest.xml:251:13-49
247            android:taskAffinity="com.amz.ios.launcher.Launcher"
247-->module\iOSLauncher\AndroidManifest.xml:252:13-65
248            android:theme="@style/PrefSettings" />
248-->module\iOSLauncher\AndroidManifest.xml:253:13-48
249        <activity
249-->module\iOSLauncher\AndroidManifest.xml:255:9-262:51
250            android:name="com.amz.ios.launcher.config.DeveloperActivity"
250-->module\iOSLauncher\AndroidManifest.xml:256:13-53
251            android:autoRemoveFromRecents="true"
251-->module\iOSLauncher\AndroidManifest.xml:257:13-49
252            android:exported="true"
252-->module\iOSLauncher\AndroidManifest.xml:258:13-36
253            android:resizeableActivity="false"
253-->module\iOSLauncher\AndroidManifest.xml:259:13-47
254            android:screenOrientation="portrait"
254-->module\iOSLauncher\AndroidManifest.xml:260:13-49
255            android:taskAffinity="com.amz.ios.launcher.Launcher"
255-->module\iOSLauncher\AndroidManifest.xml:261:13-65
256            android:theme="@style/PrefSettings" />
256-->module\iOSLauncher\AndroidManifest.xml:262:13-48
257        <activity
257-->module\iOSLauncher\AndroidManifest.xml:264:9-271:61
258            android:name="com.amz.ios.launcher.config.IconLayoutActivity"
258-->module\iOSLauncher\AndroidManifest.xml:265:13-54
259            android:autoRemoveFromRecents="true"
259-->module\iOSLauncher\AndroidManifest.xml:266:13-49
260            android:exported="true"
260-->module\iOSLauncher\AndroidManifest.xml:267:13-36
261            android:resizeableActivity="false"
261-->module\iOSLauncher\AndroidManifest.xml:268:13-47
262            android:screenOrientation="portrait"
262-->module\iOSLauncher\AndroidManifest.xml:269:13-49
263            android:taskAffinity="com.amz.ios.launcher.Launcher"
263-->module\iOSLauncher\AndroidManifest.xml:270:13-65
264            android:theme="@style/PrefSettings.Wallpaper" />
264-->module\iOSLauncher\AndroidManifest.xml:271:13-58
265        <activity
265-->module\iOSLauncher\AndroidManifest.xml:273:9-280:20
266            android:name="com.amz.ios.launcher.widget.configure.PictureAppWidgetProviderConfigureActivity"
266-->module\iOSLauncher\AndroidManifest.xml:274:13-87
267            android:exported="true"
267-->module\iOSLauncher\AndroidManifest.xml:275:13-36
268            android:theme="@style/Theme.AppCompat.Light.NoActionBar" >
268-->module\iOSLauncher\AndroidManifest.xml:276:13-69
269            <intent-filter>
269-->module\iOSLauncher\AndroidManifest.xml:277:13-279:29
270                <action android:name="android.appwidget.action.APPWIDGET_CONFIGURE" />
270-->module\iOSLauncher\AndroidManifest.xml:278:17-87
270-->module\iOSLauncher\AndroidManifest.xml:278:25-84
271            </intent-filter>
272        </activity>
273
274        <receiver
274-->module\iOSLauncher\AndroidManifest.xml:282:9-288:20
275            android:name="com.amz.ios.launcher.WallpaperChangedReceiver"
275-->module\iOSLauncher\AndroidManifest.xml:283:13-73
276            android:exported="true" >
276-->module\iOSLauncher\AndroidManifest.xml:284:13-36
277            <intent-filter>
277-->module\iOSLauncher\AndroidManifest.xml:285:13-287:29
278                <action android:name="android.intent.action.WALLPAPER_CHANGED" />
278-->module\iOSLauncher\AndroidManifest.xml:286:17-82
278-->module\iOSLauncher\AndroidManifest.xml:286:25-79
279            </intent-filter>
280        </receiver>
281
282        <!-- Intent received used to install shortcuts from other applications -->
283        <receiver
283-->module\iOSLauncher\AndroidManifest.xml:291:9-299:20
284            android:name="com.amz.ios.launcher.InstallShortcutReceiver"
284-->module\iOSLauncher\AndroidManifest.xml:292:13-72
285            android:enabled="@bool/enable_install_shortcut_api"
285-->module\iOSLauncher\AndroidManifest.xml:293:13-64
286            android:exported="true"
286-->module\iOSLauncher\AndroidManifest.xml:294:13-36
287            android:permission="com.android.launcher.permission.INSTALL_SHORTCUT" >
287-->module\iOSLauncher\AndroidManifest.xml:295:13-82
288            <intent-filter>
288-->module\iOSLauncher\AndroidManifest.xml:296:13-298:29
289                <action android:name="com.android.launcher.action.INSTALL_SHORTCUT" />
289-->module\iOSLauncher\AndroidManifest.xml:297:17-87
289-->module\iOSLauncher\AndroidManifest.xml:297:25-84
290            </intent-filter>
291        </receiver>
292
293        <!-- Intent received used to uninstall shortcuts from other applications -->
294        <receiver
294-->module\iOSLauncher\AndroidManifest.xml:302:9-309:20
295            android:name="com.amz.ios.launcher.UninstallShortcutReceiver"
295-->module\iOSLauncher\AndroidManifest.xml:303:13-74
296            android:exported="true"
296-->module\iOSLauncher\AndroidManifest.xml:304:13-36
297            android:permission="com.android.launcher.permission.UNINSTALL_SHORTCUT" >
297-->module\iOSLauncher\AndroidManifest.xml:305:13-84
298            <intent-filter>
298-->module\iOSLauncher\AndroidManifest.xml:306:13-308:29
299                <action android:name="com.android.launcher.action.UNINSTALL_SHORTCUT" />
299-->module\iOSLauncher\AndroidManifest.xml:307:17-89
299-->module\iOSLauncher\AndroidManifest.xml:307:25-86
300            </intent-filter>
301        </receiver>
302
303        <!-- Intent received used to initialize a restored widget -->
304        <receiver
304-->module\iOSLauncher\AndroidManifest.xml:312:9-318:20
305            android:name="com.amz.ios.launcher.AppWidgetsRestoredReceiver"
305-->module\iOSLauncher\AndroidManifest.xml:313:13-75
306            android:exported="true" >
306-->module\iOSLauncher\AndroidManifest.xml:314:13-36
307            <intent-filter>
307-->module\iOSLauncher\AndroidManifest.xml:315:13-317:29